0 info it worked if it ends with ok
1 verbose cli [ '/usr/bin/node', '/usr/bin/npm', 'i', 'express', 'MySQL' ]
2 info using npm@3.5.2
3 info using node@v8.10.0
4 silly loadCurrentTree Starting
5 silly install loadCurrentTree
6 silly install readLocalPackageData
7 silly fetchPackageMetaData express@^4.17.1
8 silly fetchPackageMetaData MySQL
9 silly fetchNamedPackageData express
10 silly mapToRegistry name express
11 silly mapToRegistry using default registry
12 silly mapToRegistry registry https://registry.npmjs.org/
13 silly mapToRegistry uri https://registry.npmjs.org/express
14 silly fetchNamedPackageData MySQL
15 silly mapToRegistry name MySQL
16 silly mapToRegistry using default registry
17 silly mapToRegistry registry https://registry.npmjs.org/
18 silly mapToRegistry uri https://registry.npmjs.org/MySQL
19 verbose request uri https://registry.npmjs.org/MySQL
20 verbose request no auth needed
21 info attempt registry request try #1 at 4:47:19 AM
22 verbose request id 8b5c70e272c3b5e5
23 http request GET https://registry.npmjs.org/MySQL
24 verbose request uri https://registry.npmjs.org/express
25 verbose request no auth needed
26 info attempt registry request try #1 at 4:47:19 AM
27 verbose etag W/"24a7bab87ba5ec2c420aa4b9fbd8f2b9"
28 verbose lastModified Sun, 28 Mar 2021 02:24:26 GMT
29 http request GET https://registry.npmjs.org/express
30 http 304 https://registry.npmjs.org/express
31 verbose headers { date: 'Sun, 09 May 2021 04:47:19 GMT',
31 verbose headers   connection: 'keep-alive',
31 verbose headers   'set-cookie':
31 verbose headers    [ '__cfduid=d7d54bfd174e4ee23894d927b75070e6b1620535639; expires=Tue, 08-Jun-21 04:47:19 GMT; path=/; domain=.npmjs.org; HttpOnly; SameSite=Lax' ],
31 verbose headers   'cf-ray': '64c84a053e0f3ff2-YYZ',
31 verbose headers   age: '2676',
31 verbose headers   'cache-control': 'public, max-age=300',
31 verbose headers   etag: '"24a7bab87ba5ec2c420aa4b9fbd8f2b9"',
31 verbose headers   'last-modified': 'Sun, 28 Mar 2021 02:24:26 GMT',
31 verbose headers   vary: 'Accept-Encoding',
31 verbose headers   'cf-cache-status': 'HIT',
31 verbose headers   'cf-request-id': '09f10c973e00003ff2dc13a000000001',
31 verbose headers   'expect-ct': 'max-age=604800, report-uri="https://report-uri.cloudflare.com/cdn-cgi/beacon/expect-ct"',
31 verbose headers   server: 'cloudflare' }
32 silly get cb [ 304,
32 silly get   { date: 'Sun, 09 May 2021 04:47:19 GMT',
32 silly get     connection: 'keep-alive',
32 silly get     'set-cookie':
32 silly get      [ '__cfduid=d7d54bfd174e4ee23894d927b75070e6b1620535639; expires=Tue, 08-Jun-21 04:47:19 GMT; path=/; domain=.npmjs.org; HttpOnly; SameSite=Lax' ],
32 silly get     'cf-ray': '64c84a053e0f3ff2-YYZ',
32 silly get     age: '2676',
32 silly get     'cache-control': 'public, max-age=300',
32 silly get     etag: '"24a7bab87ba5ec2c420aa4b9fbd8f2b9"',
32 silly get     'last-modified': 'Sun, 28 Mar 2021 02:24:26 GMT',
32 silly get     vary: 'Accept-Encoding',
32 silly get     'cf-cache-status': 'HIT',
32 silly get     'cf-request-id': '09f10c973e00003ff2dc13a000000001',
32 silly get     'expect-ct': 'max-age=604800, report-uri="https://report-uri.cloudflare.com/cdn-cgi/beacon/expect-ct"',
32 silly get     server: 'cloudflare' } ]
33 verbose etag https://registry.npmjs.org/express from cache
34 verbose get saving express to /root/.npm/registry.npmjs.org/express/.cache.json
35 http 404 https://registry.npmjs.org/MySQL
36 verbose headers { date: 'Sun, 09 May 2021 04:47:19 GMT',
36 verbose headers   'content-type': 'application/json',
36 verbose headers   'content-length': '21',
36 verbose headers   connection: 'keep-alive',
36 verbose headers   'set-cookie':
36 verbose headers    [ '__cfduid=d3c19c7947e236e1783cef587d5d324851620535639; expires=Tue, 08-Jun-21 04:47:19 GMT; path=/; domain=.npmjs.org; HttpOnly; SameSite=Lax' ],
36 verbose headers   'cf-ray': '64c84a052daf3ffd-YYZ',
36 verbose headers   age: '20',
36 verbose headers   vary: 'Accept-Encoding',
36 verbose headers   'cf-cache-status': 'HIT',
36 verbose headers   'cf-request-id': '09f10c973d00003ffd4f3da000000001',
36 verbose headers   'expect-ct': 'max-age=604800, report-uri="https://report-uri.cloudflare.com/cdn-cgi/beacon/expect-ct"',
36 verbose headers   server: 'cloudflare' }
37 silly get cb [ 404,
37 silly get   { date: 'Sun, 09 May 2021 04:47:19 GMT',
37 silly get     'content-type': 'application/json',
37 silly get     'content-length': '21',
37 silly get     connection: 'keep-alive',
37 silly get     'set-cookie':
37 silly get      [ '__cfduid=d3c19c7947e236e1783cef587d5d324851620535639; expires=Tue, 08-Jun-21 04:47:19 GMT; path=/; domain=.npmjs.org; HttpOnly; SameSite=Lax' ],
37 silly get     'cf-ray': '64c84a052daf3ffd-YYZ',
37 silly get     age: '20',
37 silly get     vary: 'Accept-Encoding',
37 silly get     'cf-cache-status': 'HIT',
37 silly get     'cf-request-id': '09f10c973d00003ffd4f3da000000001',
37 silly get     'expect-ct': 'max-age=604800, report-uri="https://report-uri.cloudflare.com/cdn-cgi/beacon/expect-ct"',
37 silly get     server: 'cloudflare' } ]
38 silly fetchPackageMetaData Error: Not found : MySQL
38 silly fetchPackageMetaData     at makeError (/usr/share/npm/node_modules/npm-registry-client/lib/request.js:264:12)
38 silly fetchPackageMetaData     at CachingRegistryClient.<anonymous> (/usr/share/npm/node_modules/npm-registry-client/lib/request.js:252:14)
38 silly fetchPackageMetaData     at Request._callback (/usr/share/npm/node_modules/npm-registry-client/lib/request.js:172:14)
38 silly fetchPackageMetaData     at Request.self.callback (/usr/share/npm/node_modules/request/request.js:198:22)
38 silly fetchPackageMetaData     at emitTwo (events.js:126:13)
38 silly fetchPackageMetaData     at Request.emit (events.js:214:7)
38 silly fetchPackageMetaData     at Request.<anonymous> (/usr/share/npm/node_modules/request/request.js:1082:10)
38 silly fetchPackageMetaData     at emitOne (events.js:121:20)
38 silly fetchPackageMetaData     at Request.emit (events.js:211:7)
38 silly fetchPackageMetaData     at IncomingMessage.<anonymous> (/usr/share/npm/node_modules/request/request.js:1009:12)
38 silly fetchPackageMetaData  error for MySQL { Error: Not found : MySQL
38 silly fetchPackageMetaData     at makeError (/usr/share/npm/node_modules/npm-registry-client/lib/request.js:264:12)
38 silly fetchPackageMetaData     at CachingRegistryClient.<anonymous> (/usr/share/npm/node_modules/npm-registry-client/lib/request.js:252:14)
38 silly fetchPackageMetaData     at Request._callback (/usr/share/npm/node_modules/npm-registry-client/lib/request.js:172:14)
38 silly fetchPackageMetaData     at Request.self.callback (/usr/share/npm/node_modules/request/request.js:198:22)
38 silly fetchPackageMetaData     at emitTwo (events.js:126:13)
38 silly fetchPackageMetaData     at Request.emit (events.js:214:7)
38 silly fetchPackageMetaData     at Request.<anonymous> (/usr/share/npm/node_modules/request/request.js:1082:10)
38 silly fetchPackageMetaData     at emitOne (events.js:121:20)
38 silly fetchPackageMetaData     at Request.emit (events.js:211:7)
38 silly fetchPackageMetaData     at IncomingMessage.<anonymous> (/usr/share/npm/node_modules/request/request.js:1009:12) pkgid: 'MySQL', statusCode: 404, code: 'E404' }
39 silly rollbackFailedOptional Starting
40 silly rollbackFailedOptional Finishing
41 silly runTopLevelLifecycles Starting
42 silly runTopLevelLifecycles Finishing
43 silly install printInstalled
44 verbose stack Error: Not found : MySQL
44 verbose stack     at makeError (/usr/share/npm/node_modules/npm-registry-client/lib/request.js:264:12)
44 verbose stack     at CachingRegistryClient.<anonymous> (/usr/share/npm/node_modules/npm-registry-client/lib/request.js:252:14)
44 verbose stack     at Request._callback (/usr/share/npm/node_modules/npm-registry-client/lib/request.js:172:14)
44 verbose stack     at Request.self.callback (/usr/share/npm/node_modules/request/request.js:198:22)
44 verbose stack     at emitTwo (events.js:126:13)
44 verbose stack     at Request.emit (events.js:214:7)
44 verbose stack     at Request.<anonymous> (/usr/share/npm/node_modules/request/request.js:1082:10)
44 verbose stack     at emitOne (events.js:121:20)
44 verbose stack     at Request.emit (events.js:211:7)
44 verbose stack     at IncomingMessage.<anonymous> (/usr/share/npm/node_modules/request/request.js:1009:12)
45 verbose statusCode 404
46 verbose pkgid MySQL
47 verbose cwd /var/www/html/apps/arc_api
48 error Linux 4.15.0-142-generic
49 error argv "/usr/bin/node" "/usr/bin/npm" "i" "express" "MySQL"
50 error node v8.10.0
51 error npm  v3.5.2
52 error code E404
53 error 404 Not found : MySQL
54 error 404
55 error 404 'MySQL' is not in the npm registry.
56 error 404 Your package name is not valid, because
57 error 404 1. name can no longer contain capital letters
58 error 404 Note that you can also install from a
59 error 404 tarball, folder, http url, or git url.
60 verbose exit [ 1, true ]
